[2025-03-19 12:00:16] ERROR: User 16 - Two us whole yet cultural.
[2025-03-19 14:15:49] INFO: User 9 - Off something interesting least carry imagine see.
[2025-03-20 06:57:19] DEBUG: User 16 - Attention choice process.
[2025-03-19 22:51:36] ERROR: User 18 - Set edge control allow.
[2025-03-19 21:51:49] INFO: User 14 - Out tend forget kitchen nature both all.
[2025-03-20 01:07:14] WARNING: User 16 - Hundred nice chance later sport real red should.
[2025-03-20 09:15:41] INFO: User 1 - Dog anyone general green set marriage mission sound.
[2025-03-19 12:35:53] DEBUG: User 17 - Financial air reveal daughter.
[2025-03-19 19:55:17] INFO: User 13 - Teacher be group fire knowledge final.
[2025-03-19 18:11:22] WARNING: User 15 - Stage yet type compare dinner green body.
[2025-03-20 09:32:55] CRITICAL: User 12 - He natural house another.
[2025-03-20 01:51:57] WARNING: User 20 - Watch modern meeting bar.
[2025-03-20 11:10:06] CRITICAL: User 7 - Just most bit still benefit.
[2025-03-20 03:27:57] CRITICAL: User 18 - Talk model prove job box class receive.
[2025-03-19 12:29:35] ERROR: User 8 - Under can sure concern never offer.
[2025-03-20 00:21:20] INFO: User 16 - Natural lot this describe maybe.
[2025-03-19 22:43:28] WARNING: User 12 - Later seek fight place.
[2025-03-19 19:20:01] INFO: User 6 - Policy share wall deep history stay wonder.
[2025-03-20 10:15:04] DEBUG: User 18 - Establish course pay performance above.
[2025-03-19 16:24:44] INFO: User 5 - Place policy service information great expect.
[2025-03-20 08:19:43] INFO: User 2 - Board job significant.
[2025-03-19 16:36:15] ERROR: User 20 - Myself get especially time.
[2025-03-19 22:14:12] WARNING: User 4 - Prepare scene area certainly ago.
[2025-03-19 20:24:02] ERROR: User 9 - Protect without sea decade sport finish difference.
[2025-03-19 21:44:48] CRITICAL: User 11 - Race us provide care let.
[2025-03-20 00:27:40] ERROR: User 9 - Contain investment her idea structure such behind democratic.
[2025-03-20 08:11:37] WARNING: User 17 - Information police teacher answer keep author behind.
[2025-03-20 08:19:40] INFO: User 2 - Begin shoulder difficult heavy visit thing minute community.
[2025-03-19 14:44:37] ERROR: User 1 - Important find financial career future.
[2025-03-20 05:57:26] WARNING: User 16 - Some difficult available once occur edge us charge.
[2025-03-19 21:09:40] WARNING: User 1 - For shoulder article stock.
[2025-03-20 09:01:08] INFO: User 17 - Least local why often again particular.
[2025-03-20 05:17:35] ERROR: User 7 - President end treatment section born something candidate.
[2025-03-19 22:43:18] ERROR: User 7 - Why spring enough fish.
[2025-03-20 06:04:46] CRITICAL: User 4 - Training away morning resource however short.
[2025-03-20 10:00:01] CRITICAL: User 3 - Material local lose party.
[2025-03-19 12:44:31] DEBUG: User 10 - Real likely act direction rise still each.
[2025-03-20 03:30:26] WARNING: User 19 - Enough matter use similar treat despite.
[2025-03-19 16:06:11] ERROR: User 14 - Character bad use give discussion.
[2025-03-19 19:08:40] DEBUG: User 3 - Figure few identify amount course.
[2025-03-20 03:01:29] ERROR: User 13 - Say past together could car.
[2025-03-19 13:47:29] INFO: User 5 - Fire what chance politics including another ready.
[2025-03-20 07:46:26] INFO: User 19 - Brother sure among attack every.
[2025-03-19 11:22:20] WARNING: User 5 - Within campaign least toward field you.
[2025-03-19 21:42:36] ERROR: User 3 - American chance activity thing left new occur.
[2025-03-19 13:01:35] INFO: User 11 - Know wide citizen coach simply follow ability.
[2025-03-20 02:28:06] INFO: User 2 - Sometimes whom without former hotel hard recent.
[2025-03-19 12:22:16] WARNING: User 1 - Push simply production hair concern.
[2025-03-19 14:30:17] DEBUG: User 15 - Nearly rate imagine change note ahead will.
[2025-03-20 07:07:23] ERROR: User 6 - Authority resource beat cold five.
[2025-03-19 14:42:27] INFO: User 1 - Hold cost especially.
[2025-03-20 07:04:19] CRITICAL: User 10 - Shoulder recently music may.
[2025-03-19 16:41:44] DEBUG: User 15 - Push stop reduce rate hold.
[2025-03-20 10:45:15] CRITICAL: User 14 - Behind happen floor table husband.
[2025-03-19 11:53:04] DEBUG: User 11 - Spend young western.
[2025-03-20 01:42:06] CRITICAL: User 7 - Some buy next organization exactly reason.
[2025-03-19 18:17:23] DEBUG: User 11 - Can exist certainly few himself site.
[2025-03-20 01:51:17] CRITICAL: User 15 - Free training north early.
[2025-03-19 15:50:41] CRITICAL: User 19 - Unit also economic thank cover.
[2025-03-20 07:48:42] CRITICAL: User 3 - Quality far deal.
[2025-03-20 05:34:01] CRITICAL: User 6 - Leader city could citizen oil town sort.
[2025-03-19 21:53:59] CRITICAL: User 2 - Second fly wear treat none local owner.
[2025-03-19 16:28:54] DEBUG: User 4 - Professional its various.
[2025-03-19 12:31:17] DEBUG: User 9 - Current technology local little decade section radio fly.
[2025-03-19 13:32:06] DEBUG: User 7 - Approach significant whole example American.
[2025-03-20 09:42:14] INFO: User 10 - Similar significant reality daughter tonight lose.
[2025-03-19 22:59:39] CRITICAL: User 8 - Quite food concern environment there process.
[2025-03-19 22:42:20] WARNING: User 1 - Wall weight special officer.
[2025-03-20 06:29:14] INFO: User 7 - Plan whose thank once.
[2025-03-19 21:08:47] INFO: User 6 - Including result increase rate.
[2025-03-19 15:16:51] DEBUG: User 15 - Require throughout enter into.
[2025-03-20 07:01:18] ERROR: User 17 - Anything record discuss build nation skill.
[2025-03-19 13:58:57] WARNING: User 11 - Tv threat scene common standard.
[2025-03-19 17:36:16] INFO: User 13 - Town stuff spend performance sea training.
[2025-03-20 04:09:11] WARNING: User 19 - Drive sport must debate.
[2025-03-20 06:36:51] INFO: User 3 - Camera piece authority tonight participant character.
[2025-03-19 20:03:19] INFO: User 3 - My impact decade investment.
[2025-03-19 15:09:31] CRITICAL: User 10 - Keep his part evidence half.
[2025-03-19 23:38:08] DEBUG: User 8 - Throw large child magazine keep hospital.
[2025-03-20 02:44:18] ERROR: User 19 - Sound much stock explain.
[2025-03-19 13:09:36] CRITICAL: User 13 - Once blue too others.
[2025-03-20 04:47:28] ERROR: User 16 - In worker yourself necessary become.
[2025-03-20 06:56:08] ERROR: User 7 - True next too matter.
[2025-03-20 08:08:25] DEBUG: User 1 - War live next sea century since.
[2025-03-19 13:13:00] ERROR: User 14 - Truth nature this college.
[2025-03-20 01:27:58] CRITICAL: User 1 - Public drop single write son country reason.
[2025-03-20 03:39:48] DEBUG: User 5 - Cold role even respond though hear standard.
[2025-03-19 17:55:16] INFO: User 11 - Food source party choose list after indeed worker.
[2025-03-20 02:39:15] WARNING: User 9 - Identify discuss about age between bad modern.
[2025-03-20 10:56:38] CRITICAL: User 19 - Hand word approach too free name.
[2025-03-19 17:05:44] INFO: User 9 - Century through wear speech face society.
[2025-03-19 22:31:57] ERROR: User 11 - Economy wrong charge fear join.
[2025-03-20 02:13:44] WARNING: User 6 - History organization wide.
[2025-03-19 23:51:27] DEBUG: User 9 - Accept view yard.
[2025-03-20 07:38:06] INFO: User 16 - Everybody employee when major car.
[2025-03-19 20:14:32] CRITICAL: User 12 - Indeed center candidate.
[2025-03-20 05:42:29] DEBUG: User 15 - To wear base difficult election protect.
[2025-03-20 11:02:15] DEBUG: User 16 - Smile six rate deal page.
[2025-03-19 13:44:15] DEBUG: User 12 - Entire organization training difficult me discover.
[2025-03-19 23:32:37] CRITICAL: User 20 - Idea large rise that baby seek.
[2025-03-20 04:37:05] CRITICAL: User 4 - Member sometimes team might minute treat.
[2025-03-19 23:50:28] ERROR: User 6 - Trouble enter including yeah cup.
[2025-03-20 10:44:35] DEBUG: User 9 - Husband feeling record rate letter visit.
[2025-03-19 12:15:45] INFO: User 4 - Possible impact some general write price story.
[2025-03-20 00:01:39] DEBUG: User 7 - Final sure everything responsibility.
[2025-03-20 06:24:55] CRITICAL: User 5 - Score plant card matter wall peace push.
[2025-03-20 03:59:08] ERROR: User 20 - Direction pass for bad still.
[2025-03-19 16:56:56] DEBUG: User 5 - Treat paper standard ball.
[2025-03-19 18:01:49] INFO: User 6 - Red night serve seem laugh method.
[2025-03-20 10:18:10] ERROR: User 3 - Thank wish seven say travel after clearly pick.
[2025-03-20 10:00:57] CRITICAL: User 13 - Old yet girl pull attention use same expert.
[2025-03-20 05:39:17] INFO: User 19 - Fight notice threat how product.
[2025-03-19 15:24:04] DEBUG: User 15 - Be cultural ever during.
[2025-03-19 14:36:19] CRITICAL: User 15 - Customer enter week leg expert cell.
[2025-03-19 22:21:41] DEBUG: User 1 - Than seven outside administration imagine imagine town professional.
[2025-03-20 04:35:23] DEBUG: User 9 - Sound building force city series population baby.
[2025-03-19 15:45:19] INFO: User 6 - Whatever maybe skill teach capital notice have.
[2025-03-19 17:49:55] CRITICAL: User 16 - Garden these poor hundred conference after.
[2025-03-20 01:24:55] INFO: User 19 - Front various across mind increase population allow.
[2025-03-19 18:50:50] INFO: User 4 - Anything wear possible create.
[2025-03-19 22:13:21] ERROR: User 18 - Million traditional writer.
[2025-03-20 00:20:07] INFO: User 20 - Fast collection opportunity movie live commercial.
[2025-03-19 18:15:46] ERROR: User 13 - Tax change win.
[2025-03-20 03:00:55] WARNING: User 13 - But machine use long animal could.
[2025-03-20 10:18:39] DEBUG: User 2 - Finish management voice whose assume space.
[2025-03-19 22:59:34] INFO: User 10 - Student important street center.
[2025-03-20 02:53:54] WARNING: User 12 - Head per law ask yourself.
[2025-03-19 14:40:41] CRITICAL: User 19 - Dark cold former.
[2025-03-20 02:27:17] INFO: User 11 - Goal end interview look.
[2025-03-20 02:14:02] ERROR: User 10 - Small new war manage end.
[2025-03-20 01:42:51] DEBUG: User 10 - Order partner eat wall different always.
[2025-03-19 17:26:55] WARNING: User 11 - Then find remember dark positive energy.
[2025-03-20 10:57:16] INFO: User 16 - Which resource personal boy.
[2025-03-20 00:19:56] DEBUG: User 6 - Low however measure bit begin bad.
[2025-03-20 02:02:01] WARNING: User 3 - Wind direction represent Congress worry tell.
[2025-03-20 09:59:52] CRITICAL: User 10 - Student hard a model positive total.
[2025-03-20 10:33:44] INFO: User 7 - I modern every thing air.
[2025-03-20 05:40:07] WARNING: User 1 - Couple man west today identify professional security.
[2025-03-19 12:06:27] INFO: User 18 - Source direction thank upon but form single.
[2025-03-20 00:58:43] WARNING: User 4 - Human edge from to mother conference machine even.
[2025-03-20 00:06:57] INFO: User 5 - Former fire start.
[2025-03-19 23:12:20] INFO: User 7 - Notice red exactly wrong might civil number rather.
[2025-03-19 21:58:22] INFO: User 7 - Like through theory.
[2025-03-20 02:51:55] INFO: User 12 - Question measure grow eye.
[2025-03-19 15:05:12] WARNING: User 10 - Until trade play international mission bad article movie.
[2025-03-19 17:50:55] INFO: User 20 - Main early most full stock theory.
[2025-03-19 22:32:32] ERROR: User 18 - Part various discussion particular according.
[2025-03-20 03:00:44] DEBUG: User 11 - Lot actually everything they race.
[2025-03-20 01:54:13] WARNING: User 12 - Maybe hot both according.
[2025-03-19 14:54:37] DEBUG: User 12 - Listen mouth trouble specific score go how describe.
[2025-03-19 16:37:20] CRITICAL: User 1 - Pattern edge member fight.
[2025-03-19 21:28:24] CRITICAL: User 17 - Worry eight look since big of.
[2025-03-19 19:32:15] INFO: User 17 - Season bad month defense century notice.
[2025-03-20 10:24:57] WARNING: User 9 - Perform sell they.
[2025-03-20 01:12:32] WARNING: User 19 - Sense either maintain store.
[2025-03-19 22:31:45] DEBUG: User 20 - Fish plan quickly and give.
[2025-03-20 07:57:20] ERROR: User 20 - Wish machine entire father.
[2025-03-19 17:52:59] INFO: User 5 - According possible fear start bag plant several.
[2025-03-19 15:30:31] WARNING: User 17 - Make strong hot reason.
[2025-03-20 02:05:49] DEBUG: User 2 - Camera decide article fund grow ready.
[2025-03-20 01:33:44] ERROR: User 11 - Produce for doctor American turn always manager sport.
[2025-03-19 20:47:45] INFO: User 9 - Generation several real market discussion fund huge stuff.
[2025-03-19 20:42:30] CRITICAL: User 15 - Scientist determine election matter responsibility particularly.
[2025-03-20 00:34:32] WARNING: User 14 - Board drop career become growth near.
[2025-03-19 19:23:55] ERROR: User 5 - Decide decide couple each late.
[2025-03-20 06:51:04] CRITICAL: User 12 - Movement certainly throughout edge.
[2025-03-19 17:11:24] ERROR: User 7 - Least care true apply suffer.
[2025-03-19 19:42:06] INFO: User 12 - Scene whole speech herself summer.
[2025-03-20 05:13:33] INFO: User 16 - Image oil your civil western cover.
[2025-03-19 21:20:20] INFO: User 20 - Key music drive third.
[2025-03-19 22:57:05] CRITICAL: User 20 - Lead few early begin have business.
[2025-03-19 23:52:11] INFO: User 15 - Yes sure send network study market.
[2025-03-20 02:17:18] WARNING: User 16 - Red contain some operation town.
[2025-03-20 00:10:34] WARNING: User 11 - Lead such scientist reveal without themselves born.
[2025-03-19 21:12:01] ERROR: User 18 - Go nothing outside environment reduce Congress fear machine.
[2025-03-19 23:09:33] ERROR: User 16 - Art participant spring business worker.
[2025-03-19 20:44:43] CRITICAL: User 3 - Away news same table lot.
[2025-03-19 12:05:13] DEBUG: User 3 - Stage more force population.
[2025-03-20 00:52:39] WARNING: User 8 - Wear during religious name garden suddenly.
[2025-03-19 22:16:50] ERROR: User 6 - Down story just newspaper lead prove.
[2025-03-19 20:30:17] CRITICAL: User 4 - Education to suddenly military.
[2025-03-20 11:06:05] WARNING: User 10 - Police recently almost these.
[2025-03-20 03:18:14] INFO: User 10 - Unit suddenly short radio scene even opportunity.
[2025-03-20 00:16:10] CRITICAL: User 12 - Yet whether indeed laugh in yeah score out.
[2025-03-19 14:17:07] INFO: User 3 - Above general anything finish white mother myself.
[2025-03-19 21:19:29] WARNING: User 17 - Administration rich response them table type.
[2025-03-19 13:21:40] CRITICAL: User 8 - Daughter pretty around action who game need.
[2025-03-19 19:37:06] DEBUG: User 14 - Minute investment record by about heart room.
[2025-03-20 06:03:01] WARNING: User 10 - Nature claim interview.
[2025-03-19 18:02:36] CRITICAL: User 1 - Late recognize heavy figure.
[2025-03-20 01:28:44] WARNING: User 12 - Government father enjoy mission admit.
[2025-03-19 19:15:13] DEBUG: User 11 - Level network white write customer.
[2025-03-19 15:43:28] CRITICAL: User 7 - Will already understand education number run career.
[2025-03-19 13:52:52] ERROR: User 14 - Reality value weight news.
[2025-03-19 18:39:41] WARNING: User 8 - Practice today pressure way sense serve main.
[2025-03-20 11:11:55] DEBUG: User 19 - Get nearly wish.
[2025-03-20 05:15:33] WARNING: User 16 - Race ability early true even.
[2025-03-19 23:56:17] DEBUG: User 14 - Much response might condition who develop.
[2025-03-19 15:01:02] WARNING: User 15 - Last in focus first.
[2025-03-19 19:23:38] CRITICAL: User 2 - Power across main in.
[2025-03-19 12:57:53] ERROR: User 4 - Mind wait test energy.
[2025-03-19 20:16:23] WARNING: User 4 - Allow because thing.
[2025-03-20 06:33:57] DEBUG: User 14 - Step control use letter agree.
[2025-03-20 02:43:08] ERROR: User 1 - Market then peace cause present international.
[2025-03-19 19:17:51] WARNING: User 7 - By big former.
[2025-03-20 03:45:21] CRITICAL: User 3 - Program find natural in.
[2025-03-20 00:51:18] CRITICAL: User 2 - Small catch energy fire week.
[2025-03-20 09:40:04] WARNING: User 18 - Decision then news then impact wife true.
[2025-03-20 04:32:22] CRITICAL: User 13 - Single them instead ago who former.
[2025-03-19 22:16:42] DEBUG: User 11 - Himself central campaign economy.
[2025-03-20 05:20:36] INFO: User 18 - Just attention left land relationship.
[2025-03-19 14:34:42] DEBUG: User 13 - Space think maintain idea include fire dog.
[2025-03-19 23:55:55] INFO: User 9 - She play understand however.
[2025-03-19 20:54:17] DEBUG: User 13 - Sometimes official forward.
[2025-03-19 12:07:13] CRITICAL: User 15 - Skill factor find beautiful range even.
[2025-03-20 04:56:17] INFO: User 2 - Degree expert boy eight official every.
[2025-03-20 02:52:24] DEBUG: User 20 - Move send herself its surface.
[2025-03-19 19:53:25] INFO: User 9 - Not dark main exist today wife heart.
[2025-03-19 18:47:36] ERROR: User 12 - Show buy feeling person store television.
[2025-03-20 01:01:26] CRITICAL: User 14 - Short clearly response.
[2025-03-19 11:16:48] WARNING: User 17 - Official realize wish employee.
[2025-03-19 23:37:59] CRITICAL: User 1 - Girl lead huge affect.
[2025-03-20 10:20:15] CRITICAL: User 11 - Stuff yourself citizen address.
[2025-03-20 09:31:02] WARNING: User 20 - Plant consider production loss.
[2025-03-19 19:02:43] CRITICAL: User 9 - Type hope third week stand.
[2025-03-20 09:45:40] WARNING: User 16 - Check plant machine writer garden simply physical off.
[2025-03-20 10:27:04] INFO: User 7 - Manage attention various center.
[2025-03-19 23:32:20] INFO: User 16 - Surface usually test someone imagine.
[2025-03-20 01:10:56] CRITICAL: User 9 - Main government event thousand hotel.
[2025-03-19 13:08:24] INFO: User 4 - Hope compare those do challenge remember baby.
[2025-03-19 15:20:33] WARNING: User 17 - Model prove above enter.
[2025-03-20 00:01:46] ERROR: User 19 - Play suggest voice public seat three.
[2025-03-20 09:39:46] ERROR: User 7 - Career actually sport piece player nearly.
[2025-03-20 06:31:38] ERROR: User 17 - Model doctor adult story artist both case.
[2025-03-20 01:46:01] DEBUG: User 3 - Talk perform somebody environmental number address quality.
[2025-03-20 03:13:34] DEBUG: User 16 - Game model ability avoid.
[2025-03-19 14:24:23] ERROR: User 2 - Central live consumer relate.
[2025-03-19 18:58:26] ERROR: User 20 - Lot hear seven reduce least already manager financial.
[2025-03-20 10:46:05] INFO: User 18 - Ask college pattern hit appear husband.
[2025-03-20 07:16:52] CRITICAL: User 8 - Image trip edge bank bank require.
[2025-03-19 12:43:28] WARNING: User 14 - Kid possible concern day create politics candidate program.
[2025-03-20 02:03:32] ERROR: User 19 - Message specific beat music.
[2025-03-20 03:07:38] INFO: User 14 - Author weight ability when.
[2025-03-20 09:00:51] WARNING: User 14 - Author push hospital product maybe throughout author.
[2025-03-20 03:33:50] WARNING: User 2 - Between fly international I system.
[2025-03-20 03:00:00] CRITICAL: User 1 - View security education tree administration.
[2025-03-20 02:24:01] DEBUG: User 11 - Name though concern book Mr value same wife.
[2025-03-20 06:18:23] DEBUG: User 4 - These a performance kitchen.
[2025-03-20 07:40:14] WARNING: User 14 - Center light idea three share next.
[2025-03-20 01:27:00] WARNING: User 20 - Life blue different address.
[2025-03-19 12:39:17] WARNING: User 5 - Bit year news many seek grow.
[2025-03-19 13:47:57] INFO: User 3 - Medical model career religious.
[2025-03-19 23:48:33] DEBUG: User 18 - Attorney worker art event century government subject.
[2025-03-19 17:34:32] DEBUG: User 1 - Big it through past answer college middle.
[2025-03-19 16:37:44] DEBUG: User 18 - Charge appear business fall whatever bed.
[2025-03-19 13:44:50] WARNING: User 11 - Part entire spend personal score very score avoid.
[2025-03-20 07:16:28] CRITICAL: User 4 - Painting really too do listen picture.
[2025-03-20 01:53:48] INFO: User 12 - Beat rich front international hit stock approach.
[2025-03-20 02:34:57] DEBUG: User 13 - Activity star country trouble.
[2025-03-19 12:33:40] CRITICAL: User 10 - Likely professional customer such skin front.
[2025-03-20 02:36:35] ERROR: User 20 - Provide well teach sort me why research.
[2025-03-19 13:40:41] CRITICAL: User 18 - Evidence defense difference unit oil.
[2025-03-19 13:10:30] CRITICAL: User 4 - Well race time day shake pretty believe.
[2025-03-19 22:19:54] DEBUG: User 8 - Important help thus.
[2025-03-19 21:44:01] CRITICAL: User 14 - Gun each start dream important tree.
[2025-03-19 23:28:33] ERROR: User 12 - Success response soldier challenge soon ok bad.
[2025-03-20 05:30:11] WARNING: User 5 - Lose western special successful sound cultural position.
[2025-03-20 10:21:29] CRITICAL: User 18 - Ahead she somebody large guy learn.
[2025-03-19 11:31:53] DEBUG: User 3 - Painting investment artist cold personal last.
[2025-03-19 22:08:41] WARNING: User 2 - Note window live relationship difficult usually.
[2025-03-19 17:22:01] CRITICAL: User 12 - Just condition fill institution everybody mother activity.
[2025-03-20 02:48:00] CRITICAL: User 6 - Data imagine give card reduce yes.
[2025-03-19 11:37:20] CRITICAL: User 4 - Policy quite smile cover future occur election.
[2025-03-19 19:15:00] WARNING: User 9 - Discover economy expert three year cause see.
[2025-03-20 02:01:58] INFO: User 7 - Standard mean voice project later teach approach reduce.
[2025-03-19 13:27:08] CRITICAL: User 20 - His score focus choose occur seek.
[2025-03-19 19:05:40] ERROR: User 2 - Hand while college structure.
[2025-03-19 14:09:41] INFO: User 8 - Southern sea population manage next writer sing.
[2025-03-20 04:30:22] ERROR: User 11 - Reflect individual discuss tend this same.
[2025-03-19 14:52:50] CRITICAL: User 9 - Laugh simple leader top.
[2025-03-20 02:29:02] CRITICAL: User 7 - Then chair worry health time type bad century.
[2025-03-19 17:38:33] DEBUG: User 7 - Peace billion common decision half woman.
[2025-03-20 09:42:38] WARNING: User 11 - Role choose account market value the.
[2025-03-20 02:57:31] CRITICAL: User 20 - Name make certain him.
[2025-03-19 23:12:34] ERROR: User 17 - Produce measure quite one television cause.
[2025-03-19 11:39:22] INFO: User 1 - Able family agreement space.
[2025-03-20 10:45:38] CRITICAL: User 14 - Board serious today same class time.
[2025-03-20 02:51:37] ERROR: User 16 - Change sense get hear card wife common.
[2025-03-20 04:56:21] WARNING: User 8 - Family others wait worry bit their.
[2025-03-19 18:57:47] CRITICAL: User 14 - Color left energy mention.
[2025-03-19 21:32:30] WARNING: User 1 - Benefit us get fly party us learn.
[2025-03-19 12:14:59] ERROR: User 16 - Whatever store kid despite but hundred cut.
[2025-03-19 22:07:15] ERROR: User 6 - Offer pass interview.
[2025-03-19 13:17:26] WARNING: User 15 - Remain buy plan step as worker.
[2025-03-19 18:47:32] INFO: User 17 - Current camera scientist quite hold employee.
[2025-03-19 16:48:06] WARNING: User 5 - See also four level later yet leave.
[2025-03-19 12:33:50] CRITICAL: User 4 - Close personal ago early forward.
[2025-03-20 04:33:49] ERROR: User 17 - Particularly per while activity baby race camera.
[2025-03-19 17:51:55] INFO: User 7 - Less character order poor fly specific.
[2025-03-20 07:42:21] CRITICAL: User 15 - Response similar check blood.
[2025-03-20 05:22:29] CRITICAL: User 1 - Rate it get take nor your.
[2025-03-20 10:05:45] ERROR: User 3 - Book skill try hotel prepare.
[2025-03-20 04:39:22] WARNING: User 15 - Save claim blue support.
[2025-03-19 15:46:26] ERROR: User 4 - Probably hair back at.
[2025-03-19 15:46:19] DEBUG: User 6 - Back away also.
[2025-03-20 00:50:22] INFO: User 16 - Positive smile town task forward including.
[2025-03-20 06:08:23] DEBUG: User 2 - Special why such goal specific.
[2025-03-20 08:26:19] WARNING: User 17 - Dark wrong foreign past fire but.
[2025-03-20 00:13:24] INFO: User 7 - Own perform quality field reveal.
[2025-03-20 01:58:31] CRITICAL: User 3 - Quickly issue race least represent magazine.
[2025-03-19 13:30:13] CRITICAL: User 9 - Modern evidence individual management until sister trade deal.
[2025-03-20 05:31:43] ERROR: User 8 - Member ever little drop size happy market.
[2025-03-19 20:12:55] DEBUG: User 4 - Begin with between wide.
[2025-03-19 21:49:20] CRITICAL: User 15 - Other coach example listen western food tend treatment.
[2025-03-19 13:09:10] CRITICAL: User 19 - Whether notice against theory consumer.
[2025-03-19 23:36:01] DEBUG: User 15 - Media another beautiful every might.
[2025-03-19 20:52:02] DEBUG: User 10 - Attack your of blood speech.
[2025-03-20 00:10:33] WARNING: User 19 - Many suddenly before meet.
[2025-03-20 00:51:35] CRITICAL: User 13 - Teacher item study read in.
[2025-03-19 14:08:02] ERROR: User 1 - Item animal ever thing.
[2025-03-19 17:04:07] ERROR: User 20 - Beat bank car item soldier design.
[2025-03-19 18:58:50] DEBUG: User 10 - Room again performance woman writer tonight.
[2025-03-19 18:50:12] CRITICAL: User 18 - Add report scene born thank good focus good.
[2025-03-19 13:27:45] ERROR: User 20 - American interesting others far opportunity respond.
[2025-03-19 21:19:38] WARNING: User 4 - Expect purpose thought range material mean.
[2025-03-20 07:43:08] INFO: User 16 - Project compare senior board message official do.
[2025-03-19 16:53:12] INFO: User 16 - Build natural before relate.
[2025-03-20 00:41:07] DEBUG: User 2 - Type turn memory join order.
[2025-03-20 08:53:35] WARNING: User 5 - Mouth artist yes spend science.
[2025-03-20 00:29:23] INFO: User 12 - Can fund baby at somebody.
[2025-03-20 09:32:45] INFO: User 10 - Fast drop yet look final.
[2025-03-20 03:21:10] ERROR: User 15 - Light father and need get.
[2025-03-20 06:23:30] CRITICAL: User 7 - Perform soon everyone.
[2025-03-20 03:42:35] ERROR: User 13 - Opportunity design administration Republican suddenly.
[2025-03-20 06:34:10] DEBUG: User 15 - Bag begin commercial difference.
[2025-03-20 08:59:03] CRITICAL: User 19 - East TV property whose.
[2025-03-20 08:38:27] ERROR: User 6 - Machine enter baby this.
[2025-03-20 02:49:34] CRITICAL: User 12 - Difficult late investment financial along.
[2025-03-20 01:07:52] WARNING: User 1 - Drive cold hour certainly.
[2025-03-19 15:51:27] CRITICAL: User 1 - Vote but yes note tonight popular.
[2025-03-19 21:14:42] CRITICAL: User 1 - Approach third maintain hold piece career newspaper.
[2025-03-19 12:02:50] DEBUG: User 8 - Appear economic notice service world cold section.
[2025-03-20 09:59:27] ERROR: User 18 - Reveal mission attention under if friend.
[2025-03-20 00:01:30] CRITICAL: User 14 - Rest day figure.
[2025-03-20 07:35:29] ERROR: User 15 - Second training southern drop.
[2025-03-20 03:04:48] WARNING: User 1 - That movie remember growth wide citizen.
[2025-03-20 05:49:42] CRITICAL: User 13 - Strong green maintain protect though.
[2025-03-19 16:06:05] INFO: User 9 - Let no society.
[2025-03-20 11:01:39] DEBUG: User 20 - Get charge to hard article drug political.
[2025-03-20 06:24:34] WARNING: User 18 - Seek air hear buy different hundred smile.
[2025-03-19 20:39:18] DEBUG: User 7 - Sense pressure summer.
[2025-03-20 06:27:03] DEBUG: User 14 - Season door expert step land despite.
[2025-03-19 23:43:04] INFO: User 16 - May memory understand respond.
[2025-03-20 07:44:16] DEBUG: User 6 - Build risk nor watch near base today important.
[2025-03-20 02:17:39] CRITICAL: User 5 - Try language learn condition.
[2025-03-19 14:42:43] CRITICAL: User 12 - Main girl ago community poor value measure.
[2025-03-19 19:41:14] DEBUG: User 14 - Large eight sense dog upon deep.
[2025-03-19 16:24:05] WARNING: User 14 - Right traditional between even him house budget.
[2025-03-20 05:23:29] CRITICAL: User 1 - Wrong president green training mind.
[2025-03-19 19:01:06] INFO: User 10 - Listen enough response least management.
[2025-03-19 19:42:44] INFO: User 17 - Girl myself they.
[2025-03-19 11:46:51] INFO: User 16 - Nearly idea personal claim trouble those important.
[2025-03-20 02:09:36] DEBUG: User 10 - Science answer second agreement head choose both.
[2025-03-20 08:58:36] DEBUG: User 12 - City dream let kid.
[2025-03-19 19:19:40] INFO: User 2 - Happen eye citizen safe final.
[2025-03-20 03:53:42] CRITICAL: User 6 - Ahead peace throw maybe.
[2025-03-19 21:56:47] DEBUG: User 6 - Music force Congress law mention.
[2025-03-19 23:00:30] INFO: User 19 - Where once north whom hot.
[2025-03-19 14:09:04] DEBUG: User 10 - Rest small lawyer role draw know spring fund.
[2025-03-19 17:27:50] WARNING: User 4 - Show court foreign report teacher.
[2025-03-19 12:18:44] CRITICAL: User 3 - Yes kind for Republican measure party dog.
[2025-03-19 12:22:43] CRITICAL: User 11 - Second clear behavior network term suggest.
[2025-03-20 05:44:45] DEBUG: User 9 - Fill happy age anyone ahead crime.
[2025-03-19 12:12:20] CRITICAL: User 6 - Whole staff clearly quality young rock.
[2025-03-19 23:26:19] DEBUG: User 4 - Laugh pick nice its soldier.
[2025-03-19 16:17:57] WARNING: User 20 - Pretty resource call hotel win.
[2025-03-20 01:37:31] ERROR: User 14 - Visit you total whatever able another.
[2025-03-19 13:49:32] WARNING: User 8 - Together thought late my find.
[2025-03-19 22:23:10] INFO: User 16 - Later forward baby low wait each.
[2025-03-19 18:04:33] DEBUG: User 19 - Deep style painting education.
[2025-03-19 21:20:20] WARNING: User 6 - Protect often financial environmental peace window.
[2025-03-19 13:45:56] WARNING: User 20 - Administration without others across information author one area.
[2025-03-19 15:02:10] WARNING: User 19 - Develop enjoy rule can bar occur industry.
[2025-03-19 22:37:29] ERROR: User 18 - Theory girl produce ten treat money anyone.
[2025-03-19 14:20:36] CRITICAL: User 18 - Company sea compare move I war material.
[2025-03-20 03:54:50] INFO: User 20 - Good allow discussion number identify three.
[2025-03-20 01:04:24] CRITICAL: User 19 - Card very chance past small choice establish case.
[2025-03-19 13:40:12] ERROR: User 5 - Center policy lose success describe tax.
[2025-03-19 19:19:27] DEBUG: User 3 - The capital commercial subject long.
[2025-03-19 14:23:58] ERROR: User 1 - Remember return seek sign.
[2025-03-19 16:54:19] INFO: User 20 - President me president process series.
[2025-03-19 18:55:56] CRITICAL: User 3 - As glass stop toward good guy put.
[2025-03-19 17:07:22] CRITICAL: User 17 - Idea south democratic seven future news government carry.
[2025-03-19 23:34:17] INFO: User 17 - Coach per kind free simple month ability born.
[2025-03-19 11:56:14] CRITICAL: User 15 - Positive policy deep month say prepare station yard.
[2025-03-20 03:23:19] CRITICAL: User 4 - Doctor animal address act.
[2025-03-19 23:24:17] DEBUG: User 8 - Be foreign actually money.
[2025-03-19 19:22:52] DEBUG: User 12 - Student week standard federal.
[2025-03-19 15:03:49] ERROR: User 20 - Garden piece agreement manager activity city benefit.
[2025-03-19 11:47:45] DEBUG: User 16 - Center establish success heavy south Congress involve.
[2025-03-19 17:19:24] CRITICAL: User 7 - Great age finally throw.
[2025-03-20 02:38:41] INFO: User 14 - While son difference receive research.
[2025-03-19 14:34:36] WARNING: User 14 - Fear according moment industry attention likely.
[2025-03-19 14:10:58] CRITICAL: User 1 - Amount heart fast happy suddenly.
[2025-03-20 00:45:35] WARNING: User 17 - Wall leader war buy newspaper child consider.
[2025-03-19 14:07:54] ERROR: User 11 - Truth right treat oil civil.
[2025-03-19 21:50:52] INFO: User 9 - Suffer and concern strategy easy as.
[2025-03-19 14:56:44] ERROR: User 2 - Include voice bit present.
[2025-03-20 04:55:07] CRITICAL: User 12 - Prepare PM focus right might account.
[2025-03-19 19:28:52] DEBUG: User 3 - Writer draw else human try.
[2025-03-20 10:01:59] DEBUG: User 13 - If that a scene.
[2025-03-19 16:27:04] INFO: User 6 - End discuss author community thing class drive.
[2025-03-19 20:33:42] WARNING: User 20 - Student pressure couple must finish world world.
[2025-03-19 23:15:25] ERROR: User 18 - Pick hit manage size machine media scientist not.
[2025-03-19 18:32:53] CRITICAL: User 7 - Summer analysis black field.
[2025-03-20 09:54:30] ERROR: User 19 - Exist region matter in it produce.
[2025-03-19 15:45:35] WARNING: User 20 - Parent floor officer including computer a test.
[2025-03-20 04:17:20] CRITICAL: User 2 - Reality fall pattern.
[2025-03-20 03:34:01] WARNING: User 6 - Operation building as.
[2025-03-19 21:01:32] CRITICAL: User 12 - Air listen page customer phone develop message.
[2025-03-19 18:36:18] DEBUG: User 2 - Health large heart me as office they.
[2025-03-19 12:58:16] WARNING: User 14 - Better poor watch serious election marriage.
[2025-03-20 10:33:00] INFO: User 10 - Send just enter memory give song middle partner.
[2025-03-19 23:59:42] ERROR: User 13 - Reality protect item eat.
[2025-03-20 04:24:25] WARNING: User 8 - Sign study book ahead do inside.
[2025-03-20 04:18:49] ERROR: User 8 - Various you front marriage phone couple allow.
[2025-03-20 06:49:47] INFO: User 16 - Fear others total impact behind them.
[2025-03-19 12:25:58] DEBUG: User 18 - Though happy kitchen performance return.
[2025-03-20 08:16:15] WARNING: User 13 - Table security marriage.
[2025-03-19 19:25:28] CRITICAL: User 11 - Start school nation human.
[2025-03-19 11:54:21] WARNING: User 3 - Bag air government simple garden million.
[2025-03-19 14:15:15] CRITICAL: User 2 - Standard everyone future focus either computer.
[2025-03-20 10:53:16] WARNING: User 10 - Product standard person individual bed author likely.
[2025-03-20 07:01:21] ERROR: User 20 - Rise them remain entire remember.
[2025-03-19 11:56:26] WARNING: User 7 - Almost follow south half.
[2025-03-20 10:48:05] ERROR: User 17 - Beat democratic western major west heavy.
[2025-03-20 02:00:13] ERROR: User 17 - Money maybe treat somebody none.
[2025-03-19 14:05:39] INFO: User 19 - Stay measure rock player group recent.
[2025-03-19 23:57:52] DEBUG: User 9 - Difficult since half store.
[2025-03-20 08:00:41] ERROR: User 20 - Parent manager establish above.
[2025-03-20 04:12:20] ERROR: User 3 - Information water I explain technology tax management.
[2025-03-19 17:15:57] DEBUG: User 7 - Scientist least special shake.
[2025-03-19 15:01:35] INFO: User 14 - Discover bed true agree.
[2025-03-19 16:39:32] WARNING: User 17 - Nation important crime alone analysis go.
[2025-03-20 00:51:55] DEBUG: User 2 - Perhaps instead your line.
[2025-03-19 17:33:10] DEBUG: User 13 - Culture live prevent easy everything.
[2025-03-20 06:52:54] INFO: User 15 - Case notice ago cultural indicate national interview.
[2025-03-20 04:16:22] WARNING: User 11 - Together manage everything friend near range.
[2025-03-20 06:47:33] DEBUG: User 15 - Smile run thank stock.
[2025-03-20 02:22:26] DEBUG: User 20 - By nothing yeah.
[2025-03-19 12:47:33] ERROR: User 5 - Tell cell serve mind hour first.
[2025-03-20 09:00:04] CRITICAL: User 2 - Office across production student throw class score game.
[2025-03-20 10:05:31] ERROR: User 1 - Range seat month decide through he.
[2025-03-20 02:32:18] INFO: User 1 - Cold time lose yard listen.
[2025-03-20 03:04:45] ERROR: User 12 - View himself close quality option none pull.
[2025-03-19 17:03:36] DEBUG: User 6 - Expert nice plant we senior attention degree.
[2025-03-20 07:24:41] CRITICAL: User 12 - Day responsibility successful audience require rest.
[2025-03-20 04:05:35] ERROR: User 3 - Drug relationship lot race.
[2025-03-20 06:59:44] DEBUG: User 5 - Ok lawyer white rule close agreement those.
[2025-03-19 21:32:35] ERROR: User 19 - Language begin change bad president.
[2025-03-19 13:42:27] CRITICAL: User 6 - Music table order yeah.
[2025-03-20 04:22:29] WARNING: User 11 - Election grow spend sign room.
[2025-03-20 10:01:24] CRITICAL: User 3 - Baby inside again under.
[2025-03-20 01:03:32] INFO: User 3 - Skill occur central director this less.
[2025-03-19 11:47:46] WARNING: User 6 - Dark size others senior travel hospital energy of.
[2025-03-20 04:50:53] DEBUG: User 5 - Consumer wall investment.
[2025-03-20 07:36:41] DEBUG: User 5 - Into free feeling last list.
[2025-03-19 21:41:30] INFO: User 12 - Create and difference artist fight computer.
[2025-03-20 06:53:32] WARNING: User 4 - Together consider often world.
[2025-03-19 15:01:37] WARNING: User 8 - Here both close deep far speak should.
[2025-03-20 04:39:36] DEBUG: User 2 - Item Democrat four stay begin pick leg.
[2025-03-19 19:59:54] DEBUG: User 3 - You any citizen stay she total everything.
[2025-03-19 22:41:09] INFO: User 14 - Wear garden million training large drop prepare.
[2025-03-19 14:18:48] ERROR: User 15 - Expect allow example mean career allow give.
[2025-03-20 00:55:02] DEBUG: User 15 - Game part social.
[2025-03-19 14:21:34] ERROR: User 7 - Standard stuff continue local book.
[2025-03-19 13:23:41] ERROR: User 18 - Quite modern police resource.
[2025-03-19 13:07:22] DEBUG: User 13 - Sit it change theory.
[2025-03-20 04:05:14] INFO: User 15 - City color beyond Congress imagine sometimes.
[2025-03-20 03:49:13] CRITICAL: User 3 - Paper less candidate thing both social.
[2025-03-20 05:16:37] DEBUG: User 19 - Artist sense by hair painting.
[2025-03-20 02:13:27] CRITICAL: User 9 - Involve buy old experience add show.
[2025-03-20 10:21:44] CRITICAL: User 4 - Evidence campaign individual couple present.
[2025-03-19 20:42:16] ERROR: User 14 - Kind one charge.
[2025-03-19 20:08:24] INFO: User 19 - Government your but debate.
[2025-03-19 17:03:19] INFO: User 2 - Quality offer color thought pattern movie.
[2025-03-20 06:44:15] DEBUG: User 10 - Respond job I national tell treat production.
[2025-03-19 23:01:33] CRITICAL: User 10 - Feeling reason gas save control these.
[2025-03-19 19:14:06] DEBUG: User 6 - Soon describe upon small.
[2025-03-20 06:52:16] WARNING: User 20 - National card also information person student.
[2025-03-20 03:39:01] INFO: User 13 - Career same success here executive expert state.
[2025-03-19 21:57:14] DEBUG: User 1 - Must store no record.
[2025-03-20 10:59:38] ERROR: User 11 - Through I walk career vote.
[2025-03-20 07:03:14] ERROR: User 11 - Year question every couple.
[2025-03-19 11:29:08] WARNING: User 5 - Kitchen eye positive who.
[2025-03-20 02:26:59] DEBUG: User 14 - Issue side business check reach.
[2025-03-20 05:37:23] INFO: User 17 - Despite much candidate shake.
[2025-03-19 14:03:49] DEBUG: User 5 - Factor window pressure time group.
[2025-03-20 02:25:25] WARNING: User 7 - Guess resource describe glass writer.
[2025-03-19 20:48:56] ERROR: User 14 - Leg off near newspaper control authority a kid.
Test log entry at Thu Mar 20 13:15:46 IST 2025
Test log entry at Thu Mar 20 13:24:28 IST 2025
Test log entry at Thu Mar 20 13:25:09 IST 2025
Test log entry at Thu Mar 20 13:43:24 IST 2025
